[ /hfp/00DBDF140ACC_44C15C72BAF8 ]
    Features = net 
    Emergency = 0
    Powered = 1
    Lockdown = 0
    Interfaces = org.ofono.VoiceCallManager org.ofono.Handsfree org.ofono.CallVolume org.ofono.NetworkRegistration 
    Online = 1
    Serial = 44:C1:5C:72:BA:F8
    Type = hfp
    Name = zN9
    [ org.ofono.VoiceCallManager ]
        EmergencyNumbers = 08 000 999 110 112 911 118 119 
    [ org.ofono.Handsfree ]
        VoiceRecognition = 0
        Features = 
        InbandRinging = 1
    [ org.ofono.CallVolume ]
        Muted = 0
        SpeakerVolume = 50
        MicrophoneVolume = 50
    [ org.ofono.NetworkRegistration ]
        Status = registered
        Strength = 40
        Mode = auto-only
        Name = dna

[ /hfp/00DBDF140ACC_40984E379760 ]
    Features = 
    Emergency = 0
    Powered = 0
    Lockdown = 0
    Interfaces = 
    Online = 0
    Type = hfp
    Name = Janos N9

[ /hfp/00DBDF140ACC_2013E058CDC9 ]
    Features = 
    Emergency = 0
    Powered = 0
    Lockdown = 0
    Interfaces = 
    Online = 0
    Type = hfp
    Name = policy test phone

[ /hfp/00DBDF140ACC_6C8336BA55B4 ]
    Features = 
    Emergency = 0
    Powered = 0
    Lockdown = 0
    Interfaces = 
    Online = 0
    Type = hfp
    Name = Galaxy Nexus

[ /hfp/00DBDF140ACC_40984E70BCA7 ]
    Features = 
    Emergency = 0
    Powered = 0
    Lockdown = 0
    Interfaces = 
    Online = 0
    Type = hfp
    Name = Jaskan nokia n9

[ /hfp/00DBDF140ACC_44C15C72BAF8 ]
[ /hfp/00DBDF140ACC_40984E379760 ]
[ /hfp/00DBDF140ACC_2013E058CDC9 ]
[ /hfp/00DBDF140ACC_6C8336BA55B4 ]
[ /hfp/00DBDF140ACC_40984E70BCA7 ]
[ /hfp/00DBDF140ACC_44C15C72BAF8 ]
    [ /hfp/00DBDF140ACC_44C15C72BAF8/voicecall01 ]
        Name = 
        LineIdentification = +358405682855
        Multiparty = 0
        Emergency = 0
        RemoteHeld = 0
        State = active
        StartTime = 2012-08-29T07:26:53-0700
        RemoteMultiparty = 0

[ /hfp/00DBDF140ACC_40984E379760 ]
[ /hfp/00DBDF140ACC_2013E058CDC9 ]
[ /hfp/00DBDF140ACC_6C8336BA55B4 ]
[ /hfp/00DBDF140ACC_40984E70BCA7 ]
Module #0
	Name: module-alsa-card
	Argument: device_id="0" name="pci-0000_00_1b.0" card_name="alsa_card.pci-0000_00_1b.0" namereg_fail=false tsched=yes fixed_latency_range=no ignore_dB=no deferred_volume=yes card_properties="module-udev-detect.discovered=1"
	Usage counter: 1
	Properties:
		module.author = "Lennart Poettering"
		module.description = "ALSA Card"
		module.version = "2.0-rebootstrapped"

Module #1
	Name: module-udev-detect
	Argument: 
	Usage counter: n/a
	Properties:
		module.author = "Lennart Poettering"
		module.description = "Detect available audio hardware and load matching drivers"
		module.version = "2.0-rebootstrapped"

Module #2
	Name: module-bluetooth-discover
	Argument: 
	Usage counter: n/a
	Properties:
		module.author = "Joao Paulo Rechi Vita"
		module.description = "Detect available bluetooth audio devices and load bluetooth audio drivers"
		module.version = "2.0-rebootstrapped"

Module #3
	Name: module-esound-protocol-unix
	Argument: 
	Usage counter: n/a
	Properties:
		module.author = "Lennart Poettering"
		module.description = "ESOUND protocol (UNIX sockets)"
		module.version = "2.0-rebootstrapped"

Module #4
	Name: module-native-protocol-unix
	Argument: 
	Usage counter: n/a
	Properties:
		module.author = "Lennart Poettering"
		module.description = "Native protocol (UNIX sockets)"
		module.version = "2.0-rebootstrapped"

Module #5
	Name: module-default-device-restore
	Argument: 
	Usage counter: n/a
	Properties:
		module.author = "Lennart Poettering"
		module.description = "Automatically restore the default sink and source"
		module.version = "2.0-rebootstrapped"

Module #6
	Name: module-rescue-streams
	Argument: 
	Usage counter: n/a
	Properties:
		module.author = "Lennart Poettering"
		module.description = "When a sink/source is removed, try to move their streams to the default sink/source"
		module.version = "2.0-rebootstrapped"

Module #7
	Name: module-always-sink
	Argument: 
	Usage counter: n/a
	Properties:
		module.author = "Colin Guthrie"
		module.description = "Always keeps at least one sink loaded even if it's a null one"
		module.version = "2.0-rebootstrapped"

Module #8
	Name: module-suspend-on-idle
	Argument: 
	Usage counter: n/a
	Properties:
		module.author = "Lennart Poettering"
		module.description = "When a sink/source is idle for too long, suspend it"
		module.version = "2.0-rebootstrapped"

Module #9
	Name: module-position-event-sounds
	Argument: 
	Usage counter: n/a
	Properties:
		module.author = "Lennart Poettering"
		module.description = "Position event sounds between L and R depending on the position on screen of the widget triggering them."
		module.version = "2.0-rebootstrapped"

Module #10
	Name: module-null-sink
	Argument: sink_name="null.mir" channels=2
	Usage counter: 1
	Properties:
		module.author = "Lennart Poettering"
		module.description = "Clocked NULL sink"
		module.version = "2.0-rebootstrapped"

Module #11
	Name: module-murphy-ivi
	Argument: dbus_bus_type=system fade_out=50
	Usage counter: n/a
	Properties:
		routing.table.output.default = "'Speakers' 'Silent'"
		routing.table.output.phone = "'Speakers' 'Silent'"
		routing.table.input.phone = "'Silent'"
		module.author = "Janos Kovacs"
		module.description = "Murphy and GenIVI compliant audio policy module"
		module.version = "2.0-rebootstrapped"

Module #15
	Name: module-bluetooth-device
	Argument: address="44:C1:5C:72:BA:F8" path="/org/bluez/1810/hci0/dev_44_C1_5C_72_BA_F8"
	Usage counter: 2
	Properties:
		module.author = "Joao Paulo Rechi Vita"
		module.description = "Bluetooth audio sink and source"
		module.version = "2.0-rebootstrapped"

Module #18
	Name: module-loopback
	Argument: source="null.mir.monitor" sink="bluez_sink.44_C1_5C_72_BA_F8" latency_msec=5 sink_input_properties="media.role=phone node.index=8" source_output_properties="media.role=phone node.index=8"
	Usage counter: n/a
	Properties:
		module.author = "Pierre-Louis Bossart"
		module.description = "Loopback from source to sink"
		module.version = "2.0-rebootstrapped"

Module #19
	Name: module-loopback
	Argument: source="bluez_source.44_C1_5C_72_BA_F8" sink="null.mir" latency_msec=5 sink_input_properties="media.role=phone node.index=9" source_output_properties="media.role=phone node.index=9"
	Usage counter: n/a
	Properties:
		module.author = "Pierre-Louis Bossart"
		module.description = "Loopback from source to sink"
		module.version = "2.0-rebootstrapped"

Sink #0
	State: RUNNING
	Name: alsa_output.pci-0000_00_1b.0.analog-stereo
	Description: Built-in Audio Analog Stereo
	Driver: module-alsa-card.c
	Sample Specification: s16le 2ch 44100Hz
	Channel Map: front-left,front-right
	Owner Module: 0
	Mute: no
	Volume: 0:  45% 1:  45%
	        0: -21.00 dB 1: -21.00 dB
	        balance 0.00
	Base Volume: 100%
	             0.00 dB
	Monitor Source: alsa_output.pci-0000_00_1b.0.analog-stereo.monitor
	Latency: 2896 usec, configured 4000 usec
	Flags: HARDWARE HW_MUTE_CTRL HW_VOLUME_CTRL DECIBEL_VOLUME LATENCY 
	Properties:
		alsa.resolution_bits = "16"
		device.api = "alsa"
		device.class = "sound"
		alsa.class = "generic"
		alsa.subclass = "generic-mix"
		alsa.name = "ALC888 Analog"
		alsa.id = "ALC888 Analog"
		alsa.subdevice = "0"
		alsa.subdevice_name = "subdevice #0"
		alsa.device = "0"
		alsa.card = "0"
		alsa.card_name = "HDA Intel PCH"
		alsa.long_card_name = "HDA Intel PCH at 0xf7d20000 irq 46"
		alsa.driver_name = "snd_hda_intel"
		device.bus_path = "pci-0000:00:1b.0"
		sysfs.path = "/devices/pci0000:00/0000:00:1b.0/sound/card0"
		device.bus = "pci"
		device.vendor.id = "8086"
		device.vendor.name = "Intel Corporation"
		device.form_factor = "internal"
		device.string = "front:0"
		device.buffering.buffer_size = "352800"
		device.buffering.fragment_size = "176400"
		device.access_mode = "mmap+timer"
		device.profile.name = "analog-stereo"
		device.profile.description = "Analog Stereo"
		device.description = "Built-in Audio Analog Stereo"
		alsa.mixer_name = "Intel ID 2805"
		alsa.components = "HDA:10ec0888,105b0ce3,00100001 HDA:80862805,80860101,00100000"
		module-udev-detect.discovered = "1"
		device.icon_name = "audio-card-pci"
	Ports:
		analog-output: Analog Output (priority: 9900)
	Active Port: analog-output
	Formats:
		pcm

Sink #1
	State: IDLE
	Name: null.mir
	Description: Null Output
	Driver: module-null-sink.c
	Sample Specification: s16le 2ch 44100Hz
	Channel Map: front-left,front-right
	Owner Module: 10
	Mute: no
	Volume: 0: 100% 1: 100%
	        0: 0.00 dB 1: 0.00 dB
	        balance 0.00
	Base Volume: 100%
	             0.00 dB
	Monitor Source: null.mir.monitor
	Latency: 1544 usec, configured 1666 usec
	Flags: DECIBEL_VOLUME LATENCY 
	Properties:
		device.description = "Null Output"
		device.class = "abstract"
		device.icon_name = "audio-card"
	Formats:
		pcm

Sink #4
	State: RUNNING
	Name: bluez_sink.44_C1_5C_72_BA_F8
	Description: zN9
	Driver: module-bluetooth-device.c
	Sample Specification: s16le 1ch 8000Hz
	Channel Map: mono
	Owner Module: 15
	Mute: no
	Volume: 0: 100%
	        0: 0.00 dB
	        balance 0.00
	Base Volume: 100%
	             0.00 dB
	Monitor Source: bluez_sink.44_C1_5C_72_BA_F8.monitor
	Latency: 136078 usec, configured 128000 usec
	Flags: HARDWARE DECIBEL_VOLUME LATENCY 
	Properties:
		bluetooth.protocol = "sco"
		device.description = "zN9"
		device.string = "44:C1:5C:72:BA:F8"
		device.api = "bluez"
		device.class = "sound"
		device.bus = "bluetooth"
		bluez.path = "/org/bluez/1810/hci0/dev_44_C1_5C_72_BA_F8"
		bluez.class = "0x5a020c"
		bluez.name = "zN9"
		device.icon_name = "audio-card-bluetooth"
	Formats:
		pcm

Source #0
	State: IDLE
	Name: alsa_output.pci-0000_00_1b.0.analog-stereo.monitor
	Description: Monitor of Built-in Audio Analog Stereo
	Driver: module-alsa-card.c
	Sample Specification: s16le 2ch 44100Hz
	Channel Map: front-left,front-right
	Owner Module: 0
	Mute: no
	Volume: 0: 100% 1: 100%
	        0: 0.00 dB 1: 0.00 dB
	        balance 0.00
	Base Volume: 100%
	             0.00 dB
	Monitor of Sink: alsa_output.pci-0000_00_1b.0.analog-stereo
	Latency: 0 usec, configured 2000000 usec
	Flags: DECIBEL_VOLUME LATENCY 
	Properties:
		device.description = "Monitor of Built-in Audio Analog Stereo"
		device.class = "monitor"
		alsa.card = "0"
		alsa.card_name = "HDA Intel PCH"
		alsa.long_card_name = "HDA Intel PCH at 0xf7d20000 irq 46"
		alsa.driver_name = "snd_hda_intel"
		device.bus_path = "pci-0000:00:1b.0"
		sysfs.path = "/devices/pci0000:00/0000:00:1b.0/sound/card0"
		device.bus = "pci"
		device.vendor.id = "8086"
		device.vendor.name = "Intel Corporation"
		device.form_factor = "internal"
		device.string = "0"
		module-udev-detect.discovered = "1"
		device.icon_name = "audio-card-pci"
	Formats:
		pcm

Source #1
	State: SUSPENDED
	Name: alsa_input.pci-0000_00_1b.0.analog-stereo
	Description: Built-in Audio Analog Stereo
	Driver: module-alsa-card.c
	Sample Specification: s16le 2ch 44100Hz
	Channel Map: front-left,front-right
	Owner Module: 0
	Mute: no
	Volume: 0:  84% 1:  84%
	        0: -4.50 dB 1: -4.50 dB
	        balance 0.00
	Base Volume:  32%
	             -30.00 dB
	Monitor of Sink: n/a
	Latency: 0 usec, configured 0 usec
	Flags: HARDWARE HW_MUTE_CTRL HW_VOLUME_CTRL DECIBEL_VOLUME LATENCY 
	Properties:
		alsa.resolution_bits = "16"
		device.api = "alsa"
		device.class = "sound"
		alsa.class = "generic"
		alsa.subclass = "generic-mix"
		alsa.name = "ALC888 Analog"
		alsa.id = "ALC888 Analog"
		alsa.subdevice = "0"
		alsa.subdevice_name = "subdevice #0"
		alsa.device = "0"
		alsa.card = "0"
		alsa.card_name = "HDA Intel PCH"
		alsa.long_card_name = "HDA Intel PCH at 0xf7d20000 irq 46"
		alsa.driver_name = "snd_hda_intel"
		device.bus_path = "pci-0000:00:1b.0"
		sysfs.path = "/devices/pci0000:00/0000:00:1b.0/sound/card0"
		device.bus = "pci"
		device.vendor.id = "8086"
		device.vendor.name = "Intel Corporation"
		device.form_factor = "internal"
		device.string = "front:0"
		device.buffering.buffer_size = "352800"
		device.buffering.fragment_size = "176400"
		device.access_mode = "mmap+timer"
		device.profile.name = "analog-stereo"
		device.profile.description = "Analog Stereo"
		device.description = "Built-in Audio Analog Stereo"
		alsa.mixer_name = "Intel ID 2805"
		alsa.components = "HDA:10ec0888,105b0ce3,00100001 HDA:80862805,80860101,00100000"
		module-udev-detect.discovered = "1"
		device.icon_name = "audio-card-pci"
	Ports:
		analog-input: Analog Input (priority: 10000)
	Active Port: analog-input
	Formats:
		pcm

Source #2
	State: RUNNING
	Name: null.mir.monitor
	Description: Monitor of Null Output
	Driver: module-null-sink.c
	Sample Specification: s16le 2ch 44100Hz
	Channel Map: front-left,front-right
	Owner Module: 10
	Mute: no
	Volume: 0: 100% 1: 100%
	        0: 0.00 dB 1: 0.00 dB
	        balance 0.00
	Base Volume: 100%
	             0.00 dB
	Monitor of Sink: null.mir
	Latency: 0 usec, configured 1666 usec
	Flags: DECIBEL_VOLUME LATENCY 
	Properties:
		device.description = "Monitor of Null Output"
		device.class = "monitor"
		device.icon_name = "audio-input-microphone"
	Formats:
		pcm

Source #7
	State: IDLE
	Name: bluez_sink.44_C1_5C_72_BA_F8.monitor
	Description: Monitor of zN9
	Driver: module-bluetooth-device.c
	Sample Specification: s16le 1ch 8000Hz
	Channel Map: mono
	Owner Module: 15
	Mute: no
	Volume: 0: 100%
	        0: 0.00 dB
	        balance 0.00
	Base Volume: 100%
	             0.00 dB
	Monitor of Sink: bluez_sink.44_C1_5C_72_BA_F8
	Latency: 0 usec, configured 128000 usec
	Flags: DECIBEL_VOLUME LATENCY 
	Properties:
		device.description = "Monitor of zN9"
		device.class = "monitor"
		device.string = "44:C1:5C:72:BA:F8"
		device.api = "bluez"
		device.bus = "bluetooth"
		bluez.path = "/org/bluez/1810/hci0/dev_44_C1_5C_72_BA_F8"
		bluez.class = "0x5a020c"
		bluez.name = "zN9"
		device.icon_name = "audio-card-bluetooth"
	Formats:
		pcm

Source #8
	State: RUNNING
	Name: bluez_source.44_C1_5C_72_BA_F8
	Description: zN9
	Driver: module-bluetooth-device.c
	Sample Specification: s16le 1ch 8000Hz
	Channel Map: mono
	Owner Module: 15
	Mute: no
	Volume: 0: 100%
	        0: 0.00 dB
	        balance 0.00
	Base Volume: 100%
	             0.00 dB
	Monitor of Sink: n/a
	Latency: 29596 usec, configured 28000 usec
	Flags: HARDWARE DECIBEL_VOLUME LATENCY 
	Properties:
		bluetooth.protocol = "hsp"
		device.intended_roles = "phone"
		device.description = "zN9"
		device.string = "44:C1:5C:72:BA:F8"
		device.api = "bluez"
		device.class = "sound"
		device.bus = "bluetooth"
		bluez.path = "/org/bluez/1810/hci0/dev_44_C1_5C_72_BA_F8"
		bluez.class = "0x5a020c"
		bluez.name = "zN9"
		device.icon_name = "audio-card-bluetooth"
		bluetooth.nrec = "0"
	Formats:
		pcm

Sink Input #4
	Driver: module-loopback.c
	Owner Module: 18
	Client: n/a
	Sink: 4
	Sample Specification: s16le 1ch 8000Hz
	Channel Map: mono
	Format: pcm, format.sample_format = "\"s16le\""  format.rate = "8000"  format.channels = "1"  format.channel_map = "\"mono\""
	Mute: no
	Volume: 0: 100%
	        0: 0.00 dB
	        balance 0.00
	Buffer Latency: 18500 usec
	Sink Latency: 135240 usec
	Resample method: speex-float-3
	Properties:
		media.role = "phone"
		node.index = "8"
		media.name = "Loopback from Monitor of Null Output"
		media.icon_name = "audio-input-microphone"

Sink Input #5
	Driver: module-loopback.c
	Owner Module: 19
	Client: n/a
	Sink: 0
	Sample Specification: s16le 2ch 44540Hz
	Channel Map: front-left,front-right
	Format: pcm, format.sample_format = "\"s16le\""  format.rate = "44100"  format.channels = "2"  format.channel_map = "\"front-left,front-right\""
	Mute: no
	Volume: 0:  45% 1:  45%
	        0: -21.00 dB 1: -21.00 dB
	        balance 0.00
	Buffer Latency: 1732712 usec
	Sink Latency: 3491 usec
	Resample method: speex-float-3
	Properties:
		media.role = "phone"
		node.index = "9"
		media.name = "Loopback from zN9"
		media.icon_name = "audio-card-bluetooth"
		routing.class.name = "Phone"
		routing.class.id = "6"
		routing.method = "default"

Source Output #4
	Driver: module-loopback.c
	Owner Module: 18
	Client: n/a
	Source: 2
	Sample Specification: s16le 1ch 8000Hz
	Channel Map: mono
	Format: pcm, format.sample_format = "\"s16le\""  format.rate = "8000"  format.channels = "1"  format.channel_map = "\"mono\""
	Mute: no
	Volume: 0: 100%
	        0: 0.00 dB
	        balance 0.00
	Buffer Latency: 0 usec
	Source Latency: 0 usec
	Resample method: speex-float-3
	Properties:
		media.role = "phone"
		node.index = "8"
		media.name = "Loopback to zN9"
		media.icon_name = "audio-card-bluetooth"
		routing.class.name = "Phone"
		routing.class.id = "6"
		routing.method = "default"

Source Output #5
	Driver: module-loopback.c
	Owner Module: 19
	Client: n/a
	Source: 8
	Sample Specification: s16le 2ch 44100Hz
	Channel Map: front-left,front-right
	Format: pcm, format.sample_format = "\"s16le\""  format.rate = "44100"  format.channels = "2"  format.channel_map = "\"front-left,front-right\""
	Mute: no
	Volume: 0: 100% 1: 100%
	        0: 0.00 dB 1: 0.00 dB
	        balance 0.00
	Buffer Latency: 0 usec
	Source Latency: 0 usec
	Resample method: speex-float-3
	Properties:
		media.role = "phone"
		node.index = "9"
		media.name = "Loopback to Null Output"
		media.icon_name = "audio-card"

Client #3
	Driver: protocol-native.c
	Owner Module: 4
	Properties:
		application.name = "pactl"
		native-protocol.peer = "UNIX socket client"
		native-protocol.version = "26"
		application.process.id = "2625"
		application.process.user = "root"
		application.process.host = "ninja"
		application.process.binary = "pactl"
		application.language = "C"
		application.process.machine_id = "0f8a26e8f6ac4ecfb6b453157649c61a"

Card #0
	Name: alsa_card.pci-0000_00_1b.0
	Driver: module-alsa-card.c
	Owner Module: 0
	Properties:
		alsa.card = "0"
		alsa.card_name = "HDA Intel PCH"
		alsa.long_card_name = "HDA Intel PCH at 0xf7d20000 irq 46"
		alsa.driver_name = "snd_hda_intel"
		device.bus_path = "pci-0000:00:1b.0"
		sysfs.path = "/devices/pci0000:00/0000:00:1b.0/sound/card0"
		device.bus = "pci"
		device.vendor.id = "8086"
		device.vendor.name = "Intel Corporation"
		device.form_factor = "internal"
		device.string = "0"
		device.description = "Built-in Audio"
		module-udev-detect.discovered = "1"
		device.icon_name = "audio-card-pci"
	Profiles:
		output:analog-stereo: Analog Stereo Output (sinks: 1, sources: 0, priority. 6000)
		output:analog-stereo+input:analog-stereo: Analog Stereo Duplex (sinks: 1, sources: 1, priority. 6060)
		output:iec958-stereo: Digital Stereo (IEC958) Output (sinks: 1, sources: 0, priority. 5500)
		output:iec958-stereo+input:analog-stereo: Digital Stereo (IEC958) Output + Analog Stereo Input (sinks: 1, sources: 1, priority. 5560)
		input:analog-stereo: Analog Stereo Input (sinks: 0, sources: 1, priority. 60)
		off: Off (sinks: 0, sources: 0, priority. 0)
	Active Profile: output:analog-stereo+input:analog-stereo
	Ports:
		analog-output: Analog Output (priority: 9900)
			Part of profile(s): output:analog-stereo, output:analog-stereo+input:analog-stereo
		analog-input: Analog Input (priority: 10000)
			Part of profile(s): output:analog-stereo+input:analog-stereo, output:iec958-stereo+input:analog-stereo, input:analog-stereo
		iec958-stereo-output: Digital Output (S/PDIF) (priority: 0)
			Part of profile(s): output:iec958-stereo, output:iec958-stereo+input:analog-stereo

Card #2
	Name: bluez_card.44_C1_5C_72_BA_F8
	Driver: module-bluetooth-device.c
	Owner Module: 15
	Properties:
		device.description = "zN9"
		device.string = "44:C1:5C:72:BA:F8"
		device.api = "bluez"
		device.class = "sound"
		device.bus = "bluetooth"
		bluez.path = "/org/bluez/1810/hci0/dev_44_C1_5C_72_BA_F8"
		bluez.class = "0x5a020c"
		bluez.name = "zN9"
		device.icon_name = "audio-card-bluetooth"
	Profiles:
		a2dp_source: High Fidelity Capture (A2DP) (sinks: 0, sources: 1, priority. 10)
		hfgw: Handsfree Gateway (sinks: 1, sources: 1, priority. 20)
		off: Off (sinks: 0, sources: 0, priority. 21)
	Active Profile: hfgw
